Watching for file changes with StatReloader
[13/Dec/2021 14:38:09] "GET /schedule?user=1&start_date=2021-09-01&end_date=2021-12-31 HTTP/1.1" 301 0
[13/Dec/2021 14:38:09] "GET /schedule/?user=1&start_date=2021-09-01&end_date=2021-12-31 HTTP/1.1" 200 904
[13/Dec/2021 14:38:16] "GET /schedule?user=2&start_date=2021-09-01&end_date=2021-12-31 HTTP/1.1" 301 0
[13/Dec/2021 14:38:16] "GET /schedule/?user=2&start_date=2021-09-01&end_date=2021-12-31 HTTP/1.1" 200 125
[13/Dec/2021 16:03:33] "GET /schedule?user=2&start_date=2021-09-01&end_date=2021-12-31 HTTP/1.1" 301 0
[13/Dec/2021 16:03:33] "GET /schedule/?user=2&start_date=2021-09-01&end_date=2021-12-31 HTTP/1.1" 200 125
[13/Dec/2021 16:05:19,604] - Broken pipe from ('112.144.156.136', 65186)

[13/Dec/2021 16:11:00] "GET /schedule?user=2&start_date=2021-09-01&end_date=2021-12-31 HTTP/1.1" 301 0
[13/Dec/2021 16:11:00] "GET /schedule/?user=2&start_date=2021-09-01&end_date=2021-12-31 HTTP/1.1" 200 125
[13/Dec/2021 16:26:26] "GET /schedule?user=2&start_date=2021-09-01&end_date=2021-12-31 HTTP/1.1" 301 0
[13/Dec/2021 16:26:26] "GET /schedule/?user=2&start_date=2021-09-01&end_date=2021-12-31 HTTP/1.1" 200 125
[13/Dec/2021 16:26:28] "GET /schedule?user=2&start_date=2021-09-01&end_date=2021-12-31 HTTP/1.1" 301 0
[13/Dec/2021 16:26:28] "GET /schedule/?user=2&start_date=2021-09-01&end_date=2021-12-31 HTTP/1.1" 200 125
[13/Dec/2021 16:26:32] "GET /schedule?user=1&start_date=2021-09-01&end_date=2021-12-31 HTTP/1.1" 301 0
[13/Dec/2021 16:26:32] "GET /schedule/?user=1&start_date=2021-09-01&end_date=2021-12-31 HTTP/1.1" 200 904
Not Found: /
[13/Dec/2021 16:27:39] "GET / HTTP/1.1" 404 2284
Not Found: /favicon.ico
[13/Dec/2021 16:27:39] "GET /favicon.ico HTTP/1.1" 404 2335
[13/Dec/2021 16:28:50] "GET /user HTTP/1.1" 301 0
[13/Dec/2021 16:28:50] "GET /user/ HTTP/1.1" 200 7413
[13/Dec/2021 16:28:50] "GET /static/rest_framework/css/bootstrap-tweaks.css HTTP/1.1" 200 3385
[13/Dec/2021 16:28:50] "GET /static/rest_framework/css/bootstrap.min.css HTTP/1.1" 200 121457
[13/Dec/2021 16:28:50] "GET /static/rest_framework/css/default.css HTTP/1.1" 200 1152
[13/Dec/2021 16:28:50] "GET /static/rest_framework/js/csrf.js HTTP/1.1" 200 1719
[13/Dec/2021 16:28:50] "GET /static/rest_framework/css/prettify.css HTTP/1.1" 200 817
[13/Dec/2021 16:28:50] "GET /static/rest_framework/js/ajax-form.js HTTP/1.1" 200 3597
[13/Dec/2021 16:28:50] "GET /static/rest_framework/js/jquery-3.5.1.min.js HTTP/1.1" 200 89476
[13/Dec/2021 16:28:50] "GET /static/rest_framework/js/bootstrap.min.js HTTP/1.1" 200 39680
[13/Dec/2021 16:28:50] "GET /static/rest_framework/js/prettify-min.js HTTP/1.1" 200 13632
[13/Dec/2021 16:28:50] "GET /static/rest_framework/js/default.js HTTP/1.1" 200 1268
[13/Dec/2021 16:28:50] "GET /static/rest_framework/img/grid.png HTTP/1.1" 200 1458
[13/Dec/2021 16:53:50] "POST /schedule/longterm/ HTTP/1.1" 201 95
Bad Request: /schedule/longterm/
[13/Dec/2021 16:57:10] "GET /schedule/longterm/ HTTP/1.1" 400 0
[13/Dec/2021 16:57:32] "GET /schedule?user=1&start_date=2021-09-01&end_date=2021-12-31 HTTP/1.1" 301 0
[13/Dec/2021 16:57:32] "GET /schedule/?user=1&start_date=2021-09-01&end_date=2021-12-31 HTTP/1.1" 200 904
[13/Dec/2021 16:57:35] "GET /schedule?user=2&start_date=2021-09-01&end_date=2021-12-31 HTTP/1.1" 301 0
[13/Dec/2021 16:57:35] "GET /schedule/?user=2&start_date=2021-09-01&end_date=2021-12-31 HTTP/1.1" 200 221
Not Found: /
[13/Dec/2021 16:58:59] "GET / HTTP/1.1" 404 2284
Not Found: /favicon.ico
[13/Dec/2021 16:58:59] "GET /favicon.ico HTTP/1.1" 404 2335
[13/Dec/2021 16:59:27] "GET /user HTTP/1.1" 301 0
[13/Dec/2021 16:59:27] "GET /user/ HTTP/1.1" 200 7413
[13/Dec/2021 16:59:27] "GET /static/rest_framework/css/bootstrap-tweaks.css HTTP/1.1" 200 3385
[13/Dec/2021 16:59:27] "GET /static/rest_framework/css/prettify.css HTTP/1.1" 200 817
[13/Dec/2021 16:59:27] "GET /static/rest_framework/css/bootstrap.min.css HTTP/1.1" 200 121457
[13/Dec/2021 16:59:27] "GET /static/rest_framework/js/csrf.js HTTP/1.1" 200 1719
[13/Dec/2021 16:59:27] "GET /static/rest_framework/js/jquery-3.5.1.min.js HTTP/1.1" 200 89476
[13/Dec/2021 16:59:27] "GET /static/rest_framework/js/ajax-form.js HTTP/1.1" 200 3597
[13/Dec/2021 16:59:27] "GET /static/rest_framework/css/default.css HTTP/1.1" 200 1152
[13/Dec/2021 16:59:27] "GET /static/rest_framework/js/bootstrap.min.js HTTP/1.1" 200 39680
[13/Dec/2021 16:59:27] "GET /static/rest_framework/js/prettify-min.js HTTP/1.1" 200 13632
[13/Dec/2021 16:59:27] "GET /static/rest_framework/js/default.js HTTP/1.1" 200 1268
[13/Dec/2021 16:59:27] "GET /static/rest_framework/img/grid.png HTTP/1.1" 200 1458
[13/Dec/2021 17:02:13] "GET /schedule?user=2&start_date=2021-09-01&end_date=2021-12-31 HTTP/1.1" 301 0
[13/Dec/2021 17:02:13] "GET /schedule/?user=2&start_date=2021-09-01&end_date=2021-12-31 HTTP/1.1" 200 221
[13/Dec/2021 17:02:14] "GET /schedule?user=2&start_date=2021-09-01&end_date=2021-12-31 HTTP/1.1" 301 0
[13/Dec/2021 17:02:14] "GET /schedule/?user=2&start_date=2021-09-01&end_date=2021-12-31 HTTP/1.1" 200 221
[13/Dec/2021 17:02:15] "GET /schedule?user=2&start_date=2021-09-01&end_date=2021-12-31 HTTP/1.1" 301 0
[13/Dec/2021 17:02:15] "GET /schedule/?user=2&start_date=2021-09-01&end_date=2021-12-31 HTTP/1.1" 200 221
[13/Dec/2021 17:02:15] "GET /schedule?user=2&start_date=2021-09-01&end_date=2021-12-31 HTTP/1.1" 301 0
[13/Dec/2021 17:02:15] "GET /schedule/?user=2&start_date=2021-09-01&end_date=2021-12-31 HTTP/1.1" 200 221
[13/Dec/2021 17:02:15] "GET /schedule?user=2&start_date=2021-09-01&end_date=2021-12-31 HTTP/1.1" 301 0
[13/Dec/2021 17:02:15] "GET /schedule/?user=2&start_date=2021-09-01&end_date=2021-12-31 HTTP/1.1" 200 221
[13/Dec/2021 17:05:44] "GET /user/ HTTP/1.1" 200 7413
[13/Dec/2021 17:59:16] code 400, message Bad request version ('À\x14À')
[13/Dec/2021 17:59:16] You're accessing the development server over HTTPS, but it only supports HTTP.

[13/Dec/2021 18:22:03] "POST /schedule/shortterm/ HTTP/1.1" 201 134
[13/Dec/2021 18:23:01] "POST /schedule/longterm/ HTTP/1.1" 201 94
[13/Dec/2021 19:48:43] "GET /schedule?user=1&start_date=2021-09-01&end_date=2021-12-31 HTTP/1.1" 301 0
[13/Dec/2021 19:48:44] "GET /schedule/?user=1&start_date=2021-09-01&end_date=2021-12-31 HTTP/1.1" 200 1134
Bad Request: /schedule/
[13/Dec/2021 19:49:35] "GET /schedule/ HTTP/1.1" 400 6836
Not Found: /
[13/Dec/2021 19:51:18] "GET / HTTP/1.1" 404 2284
Not Found: /favicon.ico
[13/Dec/2021 19:51:19] "GET /favicon.ico HTTP/1.1" 404 2335
[13/Dec/2021 19:51:25] "GET /schedule HTTP/1.1" 301 0
Bad Request: /schedule/
[13/Dec/2021 19:51:25] "GET /schedule/ HTTP/1.1" 400 6836
[13/Dec/2021 19:51:25] "GET /static/rest_framework/css/bootstrap-tweaks.css HTTP/1.1" 200 3385
[13/Dec/2021 19:51:25] "GET /static/rest_framework/css/bootstrap.min.css HTTP/1.1" 200 121457
[13/Dec/2021 19:51:25] "GET /static/rest_framework/css/prettify.css HTTP/1.1" 200 817
[13/Dec/2021 19:51:25] "GET /static/rest_framework/css/default.css HTTP/1.1" 200 1152
[13/Dec/2021 19:51:25] "GET /static/rest_framework/js/ajax-form.js HTTP/1.1" 200 3597
[13/Dec/2021 19:51:25] "GET /static/rest_framework/js/jquery-3.5.1.min.js HTTP/1.1" 200 89476
[13/Dec/2021 19:51:25] "GET /static/rest_framework/js/csrf.js HTTP/1.1" 200 1719
[13/Dec/2021 19:51:25] "GET /static/rest_framework/js/bootstrap.min.js HTTP/1.1" 200 39680
[13/Dec/2021 19:51:25] "GET /static/rest_framework/js/prettify-min.js HTTP/1.1" 200 13632
[13/Dec/2021 19:51:25] "GET /static/rest_framework/js/default.js HTTP/1.1" 200 1268
[13/Dec/2021 19:51:25] "GET /static/rest_framework/img/grid.png HTTP/1.1" 200 1458
Bad Request: /schedule/
[13/Dec/2021 19:52:22] "POST /schedule/ HTTP/1.1" 400 6858
[13/Dec/2021 19:59:26] "GET /user/ HTTP/1.1" 200 7413
[13/Dec/2021 19:59:27] "GET /user/?format=api HTTP/1.1" 200 7468
[13/Dec/2021 19:59:29] "GET /user/?format=json HTTP/1.1" 200 253
[13/Dec/2021 20:51:44,235] - Broken pipe from ('112.144.156.136', 52862)

[13/Dec/2021 20:51:44,235] - Broken pipe from ('112.144.156.136', 52594)

[13/Dec/2021 21:04:23] code 400, message Bad request version ('À\x14À')
[13/Dec/2021 21:04:23] You're accessing the development server over HTTPS, but it only supports HTTP.

Bad Request: /user/
[13/Dec/2021 21:07:43] "POST /user/ HTTP/1.1" 400 47
[13/Dec/2021 21:07:51] "GET /user/ HTTP/1.1" 200 253
[13/Dec/2021 21:08:20] "GET /schedule/?user=1&start_date=2021-09-01&end_date=2021-12-31 HTTP/1.1" 200 1134
[13/Dec/2021 21:09:36] "POST /schedule/shortterm/ HTTP/1.1" 201 121
[13/Dec/2021 21:09:48] "GET /schedule/?user=4&start_date=2021-09-01&end_date=2021-12-31 HTTP/1.1" 200 151
Method Not Allowed: /schedule/longterm/
[13/Dec/2021 21:12:52] "PUT /schedule/longterm/ HTTP/1.1" 405 40
Method Not Allowed: /schedule/shortterm/
[13/Dec/2021 21:13:13] "PUT /schedule/shortterm/ HTTP/1.1" 405 40
Not Found: /
[13/Dec/2021 21:13:14] "GET / HTTP/1.1" 404 2284
Not Found: /favicon.ico
[13/Dec/2021 21:13:14] "GET /favicon.ico HTTP/1.1" 404 2335
Not Found: /ㅕㄴㄷㄱ
[13/Dec/2021 21:13:28] "GET /%E3%85%95%E3%84%B4%E3%84%B7%E3%84%B1 HTTP/1.1" 404 2362
[13/Dec/2021 21:13:34] "GET /user HTTP/1.1" 301 0
[13/Dec/2021 21:13:34] "GET /user/ HTTP/1.1" 200 7413
[13/Dec/2021 21:13:35] "GET /static/rest_framework/css/bootstrap-tweaks.css HTTP/1.1" 200 3385
[13/Dec/2021 21:13:35] "GET /static/rest_framework/css/bootstrap.min.css HTTP/1.1" 200 121457
[13/Dec/2021 21:13:35] "GET /static/rest_framework/css/prettify.css HTTP/1.1" 200 817
[13/Dec/2021 21:13:35] "GET /static/rest_framework/css/default.css HTTP/1.1" 200 1152
[13/Dec/2021 21:13:35] "GET /static/rest_framework/js/ajax-form.js HTTP/1.1" 200 3597
[13/Dec/2021 21:13:35] "GET /static/rest_framework/js/csrf.js HTTP/1.1" 200 1719
[13/Dec/2021 21:13:35] "GET /static/rest_framework/js/default.js HTTP/1.1" 200 1268
[13/Dec/2021 21:13:35] "GET /static/rest_framework/img/grid.png HTTP/1.1" 200 1458
[13/Dec/2021 21:13:35] "GET /static/rest_framework/js/jquery-3.5.1.min.js HTTP/1.1" 200 89476
[13/Dec/2021 21:13:35] "GET /static/rest_framework/js/prettify-min.js HTTP/1.1" 200 13632
[13/Dec/2021 21:13:35] "GET /static/rest_framework/js/bootstrap.min.js HTTP/1.1" 200 39680
[13/Dec/2021 21:13:36] "GET /user HTTP/1.1" 301 0
[13/Dec/2021 21:13:37] "GET /user/ HTTP/1.1" 200 7413
[13/Dec/2021 21:13:38] "GET /static/rest_framework/css/bootstrap-tweaks.css HTTP/1.1" 200 3385
[13/Dec/2021 21:13:38] "GET /static/rest_framework/css/bootstrap.min.css HTTP/1.1" 200 121457
[13/Dec/2021 21:13:38] "GET /static/rest_framework/js/jquery-3.5.1.min.js HTTP/1.1" 200 89476
[13/Dec/2021 21:13:38] "GET /static/rest_framework/js/ajax-form.js HTTP/1.1" 200 3597
[13/Dec/2021 21:13:38] "GET /static/rest_framework/css/prettify.css HTTP/1.1" 200 817
[13/Dec/2021 21:13:38] "GET /static/rest_framework/css/default.css HTTP/1.1" 200 1152
[13/Dec/2021 21:13:39] "GET /static/rest_framework/js/csrf.js HTTP/1.1" 200 1719
[13/Dec/2021 21:13:39] "GET /static/rest_framework/js/prettify-min.js HTTP/1.1" 200 13632
[13/Dec/2021 21:13:39] "GET /static/rest_framework/js/bootstrap.min.js HTTP/1.1" 200 39680
[13/Dec/2021 21:13:39] "GET /static/rest_framework/js/default.js HTTP/1.1" 200 1268
[13/Dec/2021 21:13:40] "GET /static/rest_framework/img/grid.png HTTP/1.1" 200 1458
[13/Dec/2021 21:14:06] "GET /schedule/?user=4&start_date=2021-09-01&end_date=2021-12-31 HTTP/1.1" 200 151
[13/Dec/2021 21:14:10] "GET /schedule/?user=1&start_date=2021-09-01&end_date=2021-12-31 HTTP/1.1" 200 1134
[13/Dec/2021 21:14:27] "GET /schedule/?user=4&start_date=2021-09-01&end_date=2021-12-31 HTTP/1.1" 200 151
[13/Dec/2021 21:14:36] "PUT /schedule/shortterm/8/ HTTP/1.1" 200 121
[13/Dec/2021 21:14:50] "GET /schedule HTTP/1.1" 301 0
Bad Request: /schedule/
[13/Dec/2021 21:14:50] "GET /schedule/ HTTP/1.1" 400 6836
Not Found: /longterm
[13/Dec/2021 21:33:50] "GET /longterm HTTP/1.1" 404 2326
Not Found: /longterm/1
[13/Dec/2021 21:33:59] "GET /longterm/1 HTTP/1.1" 404 2332
Not Found: /longterm0
[13/Dec/2021 21:34:02] "GET /longterm0 HTTP/1.1" 404 2329
Not Found: /longterm/
[13/Dec/2021 21:34:04] "GET /longterm/ HTTP/1.1" 404 2329
[13/Dec/2021 21:34:31] "GET /schedule/longterm HTTP/1.1" 301 0
Bad Request: /schedule/longterm/
[13/Dec/2021 21:34:31] "GET /schedule/longterm/ HTTP/1.1" 400 7046
Bad Request: /schedule/shortterm/
[13/Dec/2021 21:34:40] "GET /schedule/shortterm/ HTTP/1.1" 400 7061
[13/Dec/2021 21:34:43] "GET /schedule/shortterm/1 HTTP/1.1" 301 0
[13/Dec/2021 21:34:43] "GET /schedule/shortterm/1/ HTTP/1.1" 200 8704
[13/Dec/2021 21:34:53] "GET /schedule/longterm/1/ HTTP/1.1" 200 8594
[13/Dec/2021 23:40:14] code 400, message Bad request version ('À\x14À')
[13/Dec/2021 23:40:14] You're accessing the development server over HTTPS, but it only supports HTTP.

Not Found: /http:/fuwu.sogou.com/404/index.html
[13/Dec/2021 23:40:14] "GET http://fuwu.sogou.com/404/index.html HTTP/1.1" 404 1852
[13/Dec/2021 23:40:22] code 400, message Bad request syntax ('\x05\x01\x00')
[13/Dec/2021 23:40:22] " " 400 -
[13/Dec/2021 23:40:22,471] - Broken pipe from ('222.186.19.235', 55892)

/home/ubuntu/calendar-hyun-server/chs/schedule/models.py changed, reloading.
Performing system checks...

System check identified no issues (0 silenced).
December 13, 2021 - 14:37:59
Django version 4.0, using settings 'chs.settings'
Starting development server at http://0.0.0.0:8000/
Quit the server with CONTROL-C.
Watching for file changes with StatReloader
/home/ubuntu/calendar-hyun-server/chs/schedule/models.py changed, reloading.
Performing system checks...

System check identified no issues (0 silenced).
December 13, 2021 - 23:45:15
Django version 4.0, using settings 'chs.settings'
Starting development server at http://0.0.0.0:8000/
Quit the server with CONTROL-C.
Watching for file changes with StatReloader
/home/ubuntu/calendar-hyun-server/chs/schedule/models.py changed, reloading.
Performing system checks...

System check identified no issues (0 silenced).

You have 1 unapplied migration(s). Your project may not work properly until you apply the migrations for app(s): schedule.
Run 'python manage.py migrate' to apply them.
December 13, 2021 - 23:49:00
Django version 4.0, using settings 'chs.settings'
Starting development server at http://0.0.0.0:8000/
Quit the server with CONTROL-C.
Watching for file changes with StatReloader
/home/ubuntu/calendar-hyun-server/chs/schedule/views.py changed, reloading.
Performing system checks...

System check identified no issues (0 silenced).
December 13, 2021 - 23:49:55
Django version 4.0, using settings 'chs.settings'
Starting development server at http://0.0.0.0:8000/
Quit the server with CONTROL-C.
Watching for file changes with StatReloader
/home/ubuntu/calendar-hyun-server/chs/schedule/views.py changed, reloading.
Performing system checks...

System check identified no issues (0 silenced).
December 13, 2021 - 23:51:18
Django version 4.0, using settings 'chs.settings'
Starting development server at http://0.0.0.0:8000/
Quit the server with CONTROL-C.
Watching for file changes with StatReloader
/home/ubuntu/calendar-hyun-server/chs/schedule/views.py changed, reloading.
Performing system checks...

System check identified no issues (0 silenced).
December 13, 2021 - 23:52:05
Django version 4.0, using settings 'chs.settings'
Starting development server at http://0.0.0.0:8000/
Quit the server with CONTROL-C.
Watching for file changes with StatReloader
Not Found: /
[14/Dec/2021 00:13:00] "GET / HTTP/1.0" 404 2309
/home/ubuntu/calendar-hyun-server/chs/schedule/models.py changed, reloading.
Performing system checks...

System check identified no issues (0 silenced).
December 13, 2021 - 23:58:10
Django version 4.0, using settings 'chs.settings'
Starting development server at http://0.0.0.0:8000/
Quit the server with CONTROL-C.
Watching for file changes with StatReloader
/home/ubuntu/calendar-hyun-server/chs/schedule/views.py changed, reloading.
Performing system checks...

System check identified no issues (0 silenced).
December 14, 2021 - 00:14:26
Django version 4.0, using settings 'chs.settings'
Starting development server at http://0.0.0.0:8000/
Quit the server with CONTROL-C.
Watching for file changes with StatReloader
/home/ubuntu/calendar-hyun-server/chs/schedule/views.py changed, reloading.
Performing system checks...

System check identified no issues (0 silenced).
December 14, 2021 - 00:18:47
Django version 4.0, using settings 'chs.settings'
Starting development server at http://0.0.0.0:8000/
Quit the server with CONTROL-C.
Watching for file changes with StatReloader
Bad Request: /schedule/repeat/
[14/Dec/2021 00:19:08] "POST /schedule/repeat/?start_date=2021-01-01&end_date=2021-01-31&title=%EC%88%A8%EC%89%AC%EA%B8%B0%20%EC%9C%A0%EC%82%B0%EC%86%8C%20%EC%9A%B4%EB%8F%99&term=2&user=1 HTTP/1.1" 400 0
Bad Request: /schedule/repeat/
[14/Dec/2021 00:19:24] "POST /schedule/repeat/?start_date=2021-01-01&end_date=2021-01-31&title=%EC%88%A8%EC%89%AC%EA%B8%B0%20%EC%9C%A0%EC%82%B0%EC%86%8C%20%EC%9A%B4%EB%8F%99&term=2&user=1 HTTP/1.1" 400 0
/home/ubuntu/calendar-hyun-server/chs/schedule/views.py changed, reloading.
Performing system checks...

System check identified no issues (0 silenced).
December 14, 2021 - 00:18:54
Django version 4.0, using settings 'chs.settings'
Starting development server at http://0.0.0.0:8000/
Quit the server with CONTROL-C.
Watching for file changes with StatReloader
Bad Request: /schedule/repeat/
[14/Dec/2021 00:19:42] "POST /schedule/repeat/?start_date=2021-01-01&end_date=2021-01-31&title=%EC%88%A8%EC%89%AC%EA%B8%B0%20%EC%9C%A0%EC%82%B0%EC%86%8C%20%EC%9A%B4%EB%8F%99&term=2&user=1 HTTP/1.1" 400 0
/home/ubuntu/calendar-hyun-server/chs/schedule/views.py changed, reloading.
Performing system checks...

System check identified no issues (0 silenced).
December 14, 2021 - 00:19:38
Django version 4.0, using settings 'chs.settings'
Starting development server at http://0.0.0.0:8000/
Quit the server with CONTROL-C.
Watching for file changes with StatReloader
Bad Request: /schedule/repeat/
[14/Dec/2021 00:20:26] "POST /schedule/repeat/?start_date=2021-01-01&end_date=2021-01-31&title=%EC%88%A8%EC%89%AC%EA%B8%B0%20%EC%9C%A0%EC%82%B0%EC%86%8C%20%EC%9A%B4%EB%8F%99&term=2&user=1 HTTP/1.1" 400 0
Bad Request: /schedule/repeat/
[14/Dec/2021 00:20:28] "POST /schedule/repeat/?start_date=2021-01-01&end_date=2021-01-31&title=%EC%88%A8%EC%89%AC%EA%B8%B0%20%EC%9C%A0%EC%82%B0%EC%86%8C%20%EC%9A%B4%EB%8F%99&term=2&user=1 HTTP/1.1" 400 0
Bad Request: /schedule/repeat/
[14/Dec/2021 00:20:30] "POST /schedule/repeat/?start_date=2021-01-01&end_date=2021-01-31&title=%EC%88%A8%EC%89%AC%EA%B8%B0%20%EC%9C%A0%EC%82%B0%EC%86%8C%20%EC%9A%B4%EB%8F%99&term=2&user=1 HTTP/1.1" 400 0
Bad Request: /schedule/repeat/
[14/Dec/2021 00:20:31] "POST /schedule/repeat/?start_date=2021-01-01&end_date=2021-01-31&title=%EC%88%A8%EC%89%AC%EA%B8%B0%20%EC%9C%A0%EC%82%B0%EC%86%8C%20%EC%9A%B4%EB%8F%99&term=2&user=1 HTTP/1.1" 400 0
/home/ubuntu/calendar-hyun-server/chs/schedule/views.py changed, reloading.
Performing system checks...

System check identified no issues (0 silenced).
December 14, 2021 - 00:20:21
Django version 4.0, using settings 'chs.settings'
Starting development server at http://0.0.0.0:8000/
Quit the server with CONTROL-C.
Watching for file changes with StatReloader
Bad Request: /schedule/repeat/
[14/Dec/2021 00:20:47] "POST /schedule/repeat/?start_date=2021-01-01&end_date=2021-01-31&title=%EC%88%A8%EC%89%AC%EA%B8%B0%20%EC%9C%A0%EC%82%B0%EC%86%8C%20%EC%9A%B4%EB%8F%99&term=2&user=1 HTTP/1.1" 400 0
/home/ubuntu/calendar-hyun-server/chs/schedule/views.py changed, reloading.
Performing system checks...

System check identified no issues (0 silenced).
December 14, 2021 - 00:20:42
Django version 4.0, using settings 'chs.settings'
Starting development server at http://0.0.0.0:8000/
Quit the server with CONTROL-C.
{}
Watching for file changes with StatReloader
/home/ubuntu/calendar-hyun-server/chs/schedule/views.py changed, reloading.
Performing system checks...

System check identified no issues (0 silenced).
December 14, 2021 - 00:27:30
Django version 4.0, using settings 'chs.settings'
Starting development server at http://0.0.0.0:8000/
Quit the server with CONTROL-C.
Watching for file changes with StatReloader
/home/ubuntu/calendar-hyun-server/chs/schedule/views.py changed, reloading.
Performing system checks...

System check identified no issues (0 silenced).
December 14, 2021 - 00:29:28
Django version 4.0, using settings 'chs.settings'
Starting development server at http://0.0.0.0:8000/
Quit the server with CONTROL-C.
Watching for file changes with StatReloader
/home/ubuntu/calendar-hyun-server/chs/schedule/views.py changed, reloading.
Performing system checks...

System check identified no issues (0 silenced).
December 14, 2021 - 00:29:51
Django version 4.0, using settings 'chs.settings'
Starting development server at http://0.0.0.0:8000/
Quit the server with CONTROL-C.
Watching for file changes with StatReloader
/home/ubuntu/calendar-hyun-server/chs/schedule/views.py changed, reloading.
Performing system checks...

System check identified no issues (0 silenced).
December 14, 2021 - 00:30:17
Django version 4.0, using settings 'chs.settings'
Starting development server at http://0.0.0.0:8000/
Quit the server with CONTROL-C.
Watching for file changes with StatReloader
/home/ubuntu/calendar-hyun-server/chs/schedule/views.py changed, reloading.
Performing system checks...

System check identified no issues (0 silenced).
December 14, 2021 - 00:30:43
Django version 4.0, using settings 'chs.settings'
Starting development server at http://0.0.0.0:8000/
Quit the server with CONTROL-C.
Watching for file changes with StatReloader
/home/ubuntu/calendar-hyun-server/chs/schedule/views.py changed, reloading.
Performing system checks...

System check identified no issues (0 silenced).
December 14, 2021 - 00:31:29
Django version 4.0, using settings 'chs.settings'
Starting development server at http://0.0.0.0:8000/
Quit the server with CONTROL-C.
Watching for file changes with StatReloader
/home/ubuntu/calendar-hyun-server/chs/schedule/views.py changed, reloading.
Performing system checks...

System check identified no issues (0 silenced).
December 14, 2021 - 00:32:02
Django version 4.0, using settings 'chs.settings'
Starting development server at http://0.0.0.0:8000/
Quit the server with CONTROL-C.
Watching for file changes with StatReloader
/home/ubuntu/calendar-hyun-server/chs/schedule/views.py changed, reloading.
Performing system checks...

System check identified no issues (0 silenced).
December 14, 2021 - 00:32:06
Django version 4.0, using settings 'chs.settings'
Starting development server at http://0.0.0.0:8000/
Quit the server with CONTROL-C.
Watching for file changes with StatReloader
/home/ubuntu/calendar-hyun-server/chs/schedule/views.py changed, reloading.
Performing system checks...

System check identified no issues (0 silenced).
December 14, 2021 - 00:35:18
Django version 4.0, using settings 'chs.settings'
Starting development server at http://0.0.0.0:8000/
Quit the server with CONTROL-C.
Watching for file changes with StatReloader
/home/ubuntu/calendar-hyun-server/chs/schedule/views.py changed, reloading.
Performing system checks...

System check identified no issues (0 silenced).
December 14, 2021 - 00:35:37
Django version 4.0, using settings 'chs.settings'
Starting development server at http://0.0.0.0:8000/
Quit the server with CONTROL-C.
Watching for file changes with StatReloader
/home/ubuntu/calendar-hyun-server/chs/schedule/views.py changed, reloading.
Performing system checks...

System check identified no issues (0 silenced).
December 14, 2021 - 00:39:05
Django version 4.0, using settings 'chs.settings'
Starting development server at http://0.0.0.0:8000/
Quit the server with CONTROL-C.
Watching for file changes with StatReloader
/home/ubuntu/calendar-hyun-server/chs/schedule/views.py changed, reloading.
Performing system checks...

System check identified no issues (0 silenced).
December 14, 2021 - 00:48:35
Django version 4.0, using settings 'chs.settings'
Starting development server at http://0.0.0.0:8000/
Quit the server with CONTROL-C.
Watching for file changes with StatReloader
/home/ubuntu/calendar-hyun-server/chs/schedule/views.py changed, reloading.
Performing system checks...

System check identified no issues (0 silenced).
December 14, 2021 - 00:50:28
Django version 4.0, using settings 'chs.settings'
Starting development server at http://0.0.0.0:8000/
Quit the server with CONTROL-C.
Watching for file changes with StatReloader
/home/ubuntu/calendar-hyun-server/chs/schedule/views.py changed, reloading.
Performing system checks...

System check identified no issues (0 silenced).
December 14, 2021 - 00:50:37
Django version 4.0, using settings 'chs.settings'
Starting development server at http://0.0.0.0:8000/
Quit the server with CONTROL-C.
Watching for file changes with StatReloader
/home/ubuntu/calendar-hyun-server/chs/schedule/views.py changed, reloading.
Performing system checks...

System check identified no issues (0 silenced).
December 14, 2021 - 00:51:01
Django version 4.0, using settings 'chs.settings'
Starting development server at http://0.0.0.0:8000/
Quit the server with CONTROL-C.
Watching for file changes with StatReloader
/home/ubuntu/calendar-hyun-server/chs/schedule/views.py changed, reloading.
Performing system checks...

System check identified no issues (0 silenced).
December 14, 2021 - 00:51:40
Django version 4.0, using settings 'chs.settings'
Starting development server at http://0.0.0.0:8000/
Quit the server with CONTROL-C.
Watching for file changes with StatReloader
/home/ubuntu/calendar-hyun-server/chs/schedule/views.py changed, reloading.
Performing system checks...

System check identified no issues (0 silenced).
December 14, 2021 - 00:56:09
Django version 4.0, using settings 'chs.settings'
Starting development server at http://0.0.0.0:8000/
Quit the server with CONTROL-C.
Watching for file changes with StatReloader
/home/ubuntu/calendar-hyun-server/chs/schedule/views.py changed, reloading.
Performing system checks...

System check identified no issues (0 silenced).
December 14, 2021 - 00:56:30
Django version 4.0, using settings 'chs.settings'
Starting development server at http://0.0.0.0:8000/
Quit the server with CONTROL-C.
Watching for file changes with StatReloader
/home/ubuntu/calendar-hyun-server/chs/schedule/views.py changed, reloading.
Performing system checks...

System check identified no issues (0 silenced).
December 14, 2021 - 00:57:08
Django version 4.0, using settings 'chs.settings'
Starting development server at http://0.0.0.0:8000/
Quit the server with CONTROL-C.
Watching for file changes with StatReloader
/home/ubuntu/calendar-hyun-server/chs/schedule/views.py changed, reloading.
Performing system checks...

System check identified no issues (0 silenced).
December 14, 2021 - 00:57:23
Django version 4.0, using settings 'chs.settings'
Starting development server at http://0.0.0.0:8000/
Quit the server with CONTROL-C.
Watching for file changes with StatReloader
/home/ubuntu/calendar-hyun-server/chs/schedule/views.py changed, reloading.
Performing system checks...

System check identified no issues (0 silenced).
December 14, 2021 - 00:58:24
Django version 4.0, using settings 'chs.settings'
Starting development server at http://0.0.0.0:8000/
Quit the server with CONTROL-C.
Watching for file changes with StatReloader
/home/ubuntu/calendar-hyun-server/chs/schedule/views.py changed, reloading.
Performing system checks...

System check identified no issues (0 silenced).
December 14, 2021 - 01:00:05
Django version 4.0, using settings 'chs.settings'
Starting development server at http://0.0.0.0:8000/
Quit the server with CONTROL-C.
Watching for file changes with StatReloader
/home/ubuntu/calendar-hyun-server/chs/schedule/views.py changed, reloading.
Performing system checks...

System check identified no issues (0 silenced).
December 14, 2021 - 01:00:29
Django version 4.0, using settings 'chs.settings'
Starting development server at http://0.0.0.0:8000/
Quit the server with CONTROL-C.
Watching for file changes with StatReloader
/home/ubuntu/calendar-hyun-server/chs/schedule/views.py changed, reloading.
Performing system checks...

System check identified no issues (0 silenced).
December 14, 2021 - 01:04:59
Django version 4.0, using settings 'chs.settings'
Starting development server at http://0.0.0.0:8000/
Quit the server with CONTROL-C.
Watching for file changes with StatReloader
/home/ubuntu/calendar-hyun-server/chs/schedule/views.py changed, reloading.
Performing system checks...

System check identified no issues (0 silenced).
December 14, 2021 - 01:07:18
Django version 4.0, using settings 'chs.settings'
Starting development server at http://0.0.0.0:8000/
Quit the server with CONTROL-C.
Watching for file changes with StatReloader
/home/ubuntu/calendar-hyun-server/chs/schedule/views.py changed, reloading.
Performing system checks...

System check identified no issues (0 silenced).
December 14, 2021 - 01:09:56
Django version 4.0, using settings 'chs.settings'
Starting development server at http://0.0.0.0:8000/
Quit the server with CONTROL-C.
Watching for file changes with StatReloader
/home/ubuntu/calendar-hyun-server/chs/schedule/views.py changed, reloading.
Performing system checks...

System check identified no issues (0 silenced).
December 14, 2021 - 01:11:29
Django version 4.0, using settings 'chs.settings'
Starting development server at http://0.0.0.0:8000/
Quit the server with CONTROL-C.
Watching for file changes with StatReloader
/home/ubuntu/calendar-hyun-server/chs/schedule/views.py changed, reloading.
Performing system checks...

System check identified no issues (0 silenced).
December 14, 2021 - 01:15:25
Django version 4.0, using settings 'chs.settings'
Starting development server at http://0.0.0.0:8000/
Quit the server with CONTROL-C.
Watching for file changes with StatReloader
/home/ubuntu/calendar-hyun-server/chs/schedule/views.py changed, reloading.
Performing system checks...

System check identified no issues (0 silenced).
December 14, 2021 - 01:16:32
Django version 4.0, using settings 'chs.settings'
Starting development server at http://0.0.0.0:8000/
Quit the server with CONTROL-C.
Watching for file changes with StatReloader
/home/ubuntu/calendar-hyun-server/chs/schedule/views.py changed, reloading.
Performing system checks...

System check identified no issues (0 silenced).
December 14, 2021 - 01:16:36
Django version 4.0, using settings 'chs.settings'
Starting development server at http://0.0.0.0:8000/
Quit the server with CONTROL-C.
Watching for file changes with StatReloader
/home/ubuntu/calendar-hyun-server/chs/schedule/views.py changed, reloading.
Performing system checks...

System check identified no issues (0 silenced).
December 14, 2021 - 01:20:00
Django version 4.0, using settings 'chs.settings'
Starting development server at http://0.0.0.0:8000/
Quit the server with CONTROL-C.
Watching for file changes with StatReloader
/home/ubuntu/calendar-hyun-server/chs/schedule/views.py changed, reloading.
Performing system checks...

System check identified no issues (0 silenced).
December 14, 2021 - 01:20:09
Django version 4.0, using settings 'chs.settings'
Starting development server at http://0.0.0.0:8000/
Quit the server with CONTROL-C.
Watching for file changes with StatReloader
/home/ubuntu/calendar-hyun-server/chs/schedule/views.py changed, reloading.
Performing system checks...

System check identified no issues (0 silenced).
December 14, 2021 - 01:21:42
Django version 4.0, using settings 'chs.settings'
Starting development server at http://0.0.0.0:8000/
Quit the server with CONTROL-C.
Watching for file changes with StatReloader
/home/ubuntu/calendar-hyun-server/chs/schedule/views.py changed, reloading.
Performing system checks...

System check identified no issues (0 silenced).
December 14, 2021 - 01:23:58
Django version 4.0, using settings 'chs.settings'
Starting development server at http://0.0.0.0:8000/
Quit the server with CONTROL-C.
Watching for file changes with StatReloader
/home/ubuntu/calendar-hyun-server/chs/schedule/views.py changed, reloading.
Performing system checks...

System check identified no issues (0 silenced).
December 14, 2021 - 01:38:16
Django version 4.0, using settings 'chs.settings'
Starting development server at http://0.0.0.0:8000/
Quit the server with CONTROL-C.
Watching for file changes with StatReloader
/home/ubuntu/calendar-hyun-server/chs/schedule/views.py changed, reloading.
Performing system checks...

System check identified no issues (0 silenced).
December 14, 2021 - 01:44:04
Django version 4.0, using settings 'chs.settings'
Starting development server at http://0.0.0.0:8000/
Quit the server with CONTROL-C.
Watching for file changes with StatReloader
/home/ubuntu/calendar-hyun-server/chs/schedule/views.py changed, reloading.
Performing system checks...

System check identified no issues (0 silenced).
December 14, 2021 - 01:44:22
Django version 4.0, using settings 'chs.settings'
Starting development server at http://0.0.0.0:8000/
Quit the server with CONTROL-C.
Watching for file changes with StatReloader
/home/ubuntu/calendar-hyun-server/chs/schedule/views.py changed, reloading.
Performing system checks...

System check identified no issues (0 silenced).
December 14, 2021 - 01:44:52
Django version 4.0, using settings 'chs.settings'
Starting development server at http://0.0.0.0:8000/
Quit the server with CONTROL-C.
Watching for file changes with StatReloader
/home/ubuntu/calendar-hyun-server/chs/schedule/views.py changed, reloading.
Performing system checks...

System check identified no issues (0 silenced).
December 14, 2021 - 01:44:56
Django version 4.0, using settings 'chs.settings'
Starting development server at http://0.0.0.0:8000/
Quit the server with CONTROL-C.
Watching for file changes with StatReloader
/home/ubuntu/calendar-hyun-server/chs/schedule/views.py changed, reloading.
Performing system checks...

System check identified no issues (0 silenced).
December 14, 2021 - 01:45:27
Django version 4.0, using settings 'chs.settings'
Starting development server at http://0.0.0.0:8000/
Quit the server with CONTROL-C.
Watching for file changes with StatReloader
Exception in thread django-main-thread:
Traceback (most recent call last):
  File "/usr/lib/python3.8/threading.py", line 932, in _bootstrap_inner
    self.run()
  File "/usr/lib/python3.8/threading.py", line 870, in run
    self._target(*self._args, **self._kwargs)
  File "/home/ubuntu/calendar-hyun-server/mv/lib/python3.8/site-packages/django/utils/autoreload.py", line 64, in wrapper
    fn(*args, **kwargs)
  File "/home/ubuntu/calendar-hyun-server/mv/lib/python3.8/site-packages/django/core/management/commands/runserver.py", line 124, in inner_run
    self.check(display_num_errors=True)
  File "/home/ubuntu/calendar-hyun-server/mv/lib/python3.8/site-packages/django/core/management/base.py", line 438, in check
    all_issues = checks.run_checks(
  File "/home/ubuntu/calendar-hyun-server/mv/lib/python3.8/site-packages/django/core/checks/registry.py", line 77, in run_checks
    new_errors = check(app_configs=app_configs, databases=databases)
  File "/home/ubuntu/calendar-hyun-server/mv/lib/python3.8/site-packages/django/core/checks/urls.py", line 40, in check_url_namespaces_unique
    all_namespaces = _load_all_namespaces(resolver)
  File "/home/ubuntu/calendar-hyun-server/mv/lib/python3.8/site-packages/django/core/checks/urls.py", line 57, in _load_all_namespaces
    url_patterns = getattr(resolver, 'url_patterns', [])
  File "/home/ubuntu/calendar-hyun-server/mv/lib/python3.8/site-packages/django/utils/functional.py", line 48, in __get__
    res = instance.__dict__[self.name] = self.func(instance)
  File "/home/ubuntu/calendar-hyun-server/mv/lib/python3.8/site-packages/django/urls/resolvers.py", line 632, in url_patterns
    patterns = getattr(self.urlconf_module, "urlpatterns", self.urlconf_module)
  File "/home/ubuntu/calendar-hyun-server/mv/lib/python3.8/site-packages/django/utils/functional.py", line 48, in __get__
    res = instance.__dict__[self.name] = self.func(instance)
  File "/home/ubuntu/calendar-hyun-server/mv/lib/python3.8/site-packages/django/urls/resolvers.py", line 625, in urlconf_module
    return import_module(self.urlconf_name)
  File "/usr/lib/python3.8/importlib/__init__.py", line 127, in import_module
    return _bootstrap._gcd_import(name[level:], package, level)
  File "<frozen importlib._bootstrap>", line 1014, in _gcd_import
  File "<frozen importlib._bootstrap>", line 991, in _find_and_load
  File "<frozen importlib._bootstrap>", line 975, in _find_and_load_unlocked
  File "<frozen importlib._bootstrap>", line 671, in _load_unlocked
  File "<frozen importlib._bootstrap_external>", line 848, in exec_module
  File "<frozen importlib._bootstrap>", line 219, in _call_with_frames_removed
  File "/home/ubuntu/calendar-hyun-server/chs/chs/urls.py", line 22, in <module>
    path('schedule/', include('schedule.urls')),
  File "/home/ubuntu/calendar-hyun-server/mv/lib/python3.8/site-packages/django/urls/conf.py", line 34, in include
    urlconf_module = import_module(urlconf_module)
  File "/usr/lib/python3.8/importlib/__init__.py", line 127, in import_module
    return _bootstrap._gcd_import(name[level:], package, level)
  File "<frozen importlib._bootstrap>", line 1014, in _gcd_import
  File "<frozen importlib._bootstrap>", line 991, in _find_and_load
  File "<frozen importlib._bootstrap>", line 975, in _find_and_load_unlocked
  File "<frozen importlib._bootstrap>", line 671, in _load_unlocked
  File "<frozen importlib._bootstrap_external>", line 848, in exec_module
  File "<frozen importlib._bootstrap>", line 219, in _call_with_frames_removed
  File "/home/ubuntu/calendar-hyun-server/chs/schedule/urls.py", line 17, in <module>
    from . import views
  File "/home/ubuntu/calendar-hyun-server/chs/schedule/views.py", line 235
    ret = {
    ^
IndentationError: expected an indented block
/home/ubuntu/calendar-hyun-server/chs/schedule/views.py changed, reloading.
Performing system checks...

Watching for file changes with StatReloader
